J:\PROJET INFOGRAPHIE\MOTEUR3D\AGMD_ENGINE\BIN\DEBUG_WIN32\AGMD_ENGINE.DLL
J:\Projet Infographie\Moteur3D\AGMD_Engine\bin\Debug_Win32\AGMD_Engine.exp
J:\PROJET INFOGRAPHIE\MOTEUR3D\AGMD_ENGINE\BIN\DEBUG_WIN32\AGMD_ENGINE.ILK
J:\Projet Infographie\Moteur3D\AGMD_Engine\bin\Debug_Win32\AGMD_Engine.lib
J:\PROJET INFOGRAPHIE\MOTEUR3D\AGMD_ENGINE\BIN\DEBUG_WIN32\AGMD_ENGINE.PDB
J:\Projet Infographie\Moteur3D\AGMD_Engine\vs\\..\bin\Debug_Win32\AGMD_Engine.dll
J:\Projet Infographie\Moteur3D\AGMD_Engine\vs\\..\bin\Debug_Win32\AGMD_Engine.ilk
J:\Projet Infographie\Moteur3D\AGMD_Engine\vs\\..\bin\Debug_Win32\AGMD_Engine.pdb
J:\PROJET INFOGRAPHIE\MOTEUR3D\AGMD_ENGINE\VS\AGMD_ENGINE\DEBUG\AGMD_ENGINE.DLL.INTERMEDIATE.MANIFEST
J:\Projet Infographie\Moteur3D\AGMD_Engine\vs\AGMD_Engine\Debug\AGMD_Engine.write.1.tlog
J:\PROJET INFOGRAPHIE\MOTEUR3D\AGMD_ENGINE\VS\AGMD_ENGINE\DEBUG\BASEBUFFER.OBJ
J:\PROJET INFOGRAPHIE\MOTEUR3D\AGMD_ENGINE\VS\AGMD_ENGINE\DEBUG\CGSHADER.OBJ
J:\Projet Infographie\Moteur3D\AGMD_Engine\vs\AGMD_Engine\Debug\cl.command.1.tlog
J:\Projet Infographie\Moteur3D\AGMD_Engine\vs\AGMD_Engine\Debug\CL.read.1.tlog
J:\Projet Infographie\Moteur3D\AGMD_Engine\vs\AGMD_Engine\Debug\CL.write.1.tlog
J:\PROJET INFOGRAPHIE\MOTEUR3D\AGMD_ENGINE\VS\AGMD_ENGINE\DEBUG\COLOR.OBJ
J:\PROJET INFOGRAPHIE\MOTEUR3D\AGMD_ENGINE\VS\AGMD_ENGINE\DEBUG\CONSOLE.OBJ
J:\PROJET INFOGRAPHIE\MOTEUR3D\AGMD_ENGINE\VS\AGMD_ENGINE\DEBUG\EXCEPTIONS.OBJ
J:\PROJET INFOGRAPHIE\MOTEUR3D\AGMD_ENGINE\VS\AGMD_ENGINE\DEBUG\FILE.OBJ
J:\PROJET INFOGRAPHIE\MOTEUR3D\AGMD_ENGINE\VS\AGMD_ENGINE\DEBUG\FONTMANAGER.OBJ
J:\PROJET INFOGRAPHIE\MOTEUR3D\AGMD_ENGINE\VS\AGMD_ENGINE\DEBUG\GLSLSHADER.OBJ
J:\PROJET INFOGRAPHIE\MOTEUR3D\AGMD_ENGINE\VS\AGMD_ENGINE\DEBUG\GRAPHICSTRING.OBJ
J:\PROJET INFOGRAPHIE\MOTEUR3D\AGMD_ENGINE\VS\AGMD_ENGINE\DEBUG\HLSLSHADER.OBJ
J:\PROJET INFOGRAPHIE\MOTEUR3D\AGMD_ENGINE\VS\AGMD_ENGINE\DEBUG\IMAGE.OBJ
J:\PROJET INFOGRAPHIE\MOTEUR3D\AGMD_ENGINE\VS\AGMD_ENGINE\DEBUG\IMAGESLOADER.OBJ
J:\Projet Infographie\Moteur3D\AGMD_Engine\vs\AGMD_Engine\Debug\link.command.1.tlog
J:\Projet Infographie\Moteur3D\AGMD_Engine\vs\AGMD_Engine\Debug\link.read.1.tlog
J:\Projet Infographie\Moteur3D\AGMD_Engine\vs\AGMD_Engine\Debug\link.write.1.tlog
J:\PROJET INFOGRAPHIE\MOTEUR3D\AGMD_ENGINE\VS\AGMD_ENGINE\DEBUG\LOADERS.OBJ
J:\PROJET INFOGRAPHIE\MOTEUR3D\AGMD_ENGINE\VS\AGMD_ENGINE\DEBUG\LOGGER.OBJ
J:\PROJET INFOGRAPHIE\MOTEUR3D\AGMD_ENGINE\VS\AGMD_ENGINE\DEBUG\LOGGERDEBUG.OBJ
J:\PROJET INFOGRAPHIE\MOTEUR3D\AGMD_ENGINE\VS\AGMD_ENGINE\DEBUG\LOGGERFILE.OBJ
J:\PROJET INFOGRAPHIE\MOTEUR3D\AGMD_ENGINE\VS\AGMD_ENGINE\DEBUG\LOGGERMSGBOX.OBJ
J:\PROJET INFOGRAPHIE\MOTEUR3D\AGMD_ENGINE\VS\AGMD_ENGINE\DEBUG\MEDIAMANAGER.OBJ
J:\PROJET INFOGRAPHIE\MOTEUR3D\AGMD_ENGINE\VS\AGMD_ENGINE\DEBUG\MEMORYMGR.OBJ
J:\PROJET INFOGRAPHIE\MOTEUR3D\AGMD_ENGINE\VS\AGMD_ENGINE\DEBUG\MODEL.OBJ
J:\Projet Infographie\Moteur3D\AGMD_Engine\vs\AGMD_Engine\Debug\mt.command.1.tlog
J:\Projet Infographie\Moteur3D\AGMD_Engine\vs\AGMD_Engine\Debug\mt.read.1.tlog
J:\Projet Infographie\Moteur3D\AGMD_Engine\vs\AGMD_Engine\Debug\mt.write.1.tlog
J:\PROJET INFOGRAPHIE\MOTEUR3D\AGMD_ENGINE\VS\AGMD_ENGINE\DEBUG\PLUGIN.OBJ
J:\PROJET INFOGRAPHIE\MOTEUR3D\AGMD_ENGINE\VS\AGMD_ENGINE\DEBUG\RECTANGLE.OBJ
J:\PROJET INFOGRAPHIE\MOTEUR3D\AGMD_ENGINE\VS\AGMD_ENGINE\DEBUG\RENDERER.OBJ
J:\PROJET INFOGRAPHIE\MOTEUR3D\AGMD_ENGINE\VS\AGMD_ENGINE\DEBUG\RESOURCE.OBJ
J:\PROJET INFOGRAPHIE\MOTEUR3D\AGMD_ENGINE\VS\AGMD_ENGINE\DEBUG\RESOURCEMANAGER.OBJ
J:\PROJET INFOGRAPHIE\MOTEUR3D\AGMD_ENGINE\VS\AGMD_ENGINE\DEBUG\SHADER.OBJ
J:\PROJET INFOGRAPHIE\MOTEUR3D\AGMD_ENGINE\VS\AGMD_ENGINE\DEBUG\SHADERBASE.OBJ
J:\PROJET INFOGRAPHIE\MOTEUR3D\AGMD_ENGINE\VS\AGMD_ENGINE\DEBUG\SHADERPROGRAM.OBJ
J:\PROJET INFOGRAPHIE\MOTEUR3D\AGMD_ENGINE\VS\AGMD_ENGINE\DEBUG\SHADERSLOADER.OBJ
J:\PROJET INFOGRAPHIE\MOTEUR3D\AGMD_ENGINE\VS\AGMD_ENGINE\DEBUG\TEXTURE.OBJ
J:\PROJET INFOGRAPHIE\MOTEUR3D\AGMD_ENGINE\VS\AGMD_ENGINE\DEBUG\TEXTUREBASE.OBJ
J:\Projet Infographie\Moteur3D\AGMD_Engine\vs\AGMD_Engine\Debug\vc100.idb
J:\PROJET INFOGRAPHIE\MOTEUR3D\AGMD_ENGINE\VS\AGMD_ENGINE\DEBUG\VC100.PDB
J:\PROJET INFOGRAPHIE\MOTEUR3D\AGMD_ENGINE\VS\AGMD_ENGINE\DEBUG\YESAPPLICATION.OBJ
